{"name": "test_auth_valid_data", "status": "failed", "statusDetails": {"message": "AssertionError: We are not auth\nassert False\n +  where False = <bound method LoginPage.is_auth of <pages.login_page.LoginPage object at 0x000001C12B038550>>()\n +    where <bound method LoginPage.is_auth of <pages.login_page.LoginPage object at 0x000001C12B038550>> = <pages.login_page.LoginPage object at 0x000001C12B038550>.is_auth\n +      where <pages.login_page.LoginPage object at 0x000001C12B038550> = <pages.app.Application object at 0x000001C12B038F40>.login", "trace": "self = <test_auth.TestAuth object at 0x000001C12B04F8E0>, app = <pages.app.Application object at 0x000001C12B038F40>\n\n    def test_auth_valid_data(self, app):\n        \"\"\"\n        Steps\n        1. Open main page\n        2. Auth with valid data\n        3. Check auth result.\n        \"\"\"\n        app.open_auth_page()\n        data = AuthData(login=\"admi-test\", password=\"TestQa\")\n        app.login.auth(data)\n>       assert app.login.is_auth(), \"We are not auth\"\nE       AssertionError: We are not auth\nE       assert False\nE        +  where False = <bound method LoginPage.is_auth of <pages.login_page.LoginPage object at 0x000001C12B038550>>()\nE        +    where <bound method LoginPage.is_auth of <pages.login_page.LoginPage object at 0x000001C12B038550>> = <pages.login_page.LoginPage object at 0x000001C12B038550>.is_auth\nE        +      where <pages.login_page.LoginPage object at 0x000001C12B038550> = <pages.app.Application object at 0x000001C12B038F40>.login\n\ntests\\auth\\test_auth.py:18: AssertionError"}, "description": "\n        Steps\n        1. Open main page\n        2. Auth with valid data\n        3. Check auth result.\n        ", "attachments": [{"name": "screenshot", "source": "283a84e6-1619-4f07-b218-d3d1a3099c00-attachment.png", "type": "image/png"}, {"name": "log", "source": "60a6834a-b30b-4024-84bd-55da4dffb981-attachment.txt", "type": "text/plain"}, {"name": "stderr", "source": "ca54a74c-df3c-4734-adf1-92bf228afc70-attachment.txt", "type": "text/plain"}], "start": 1632772848297, "stop": 1632772854889, "uuid": "0789dd6a-358b-44fc-8d6c-542517ed4196", "historyId": "fcec89ebca5f6daf506231d5c1f7ecc2", "testCaseId": "6cea31328895eceec9c3b31b56935715", "fullName": "tests.auth.test_auth.TestAuth#test_auth_valid_data", "labels": [{"name": "parentSuite", "value": "tests.auth"}, {"name": "suite", "value": "test_auth"}, {"name": "subSuite", "value": "TestAuth"}, {"name": "host", "value": "DESKTOP-1VT1IRI"}, {"name": "thread", "value": "7912-MainThread"}, {"name": "framework", "value": "pytest"}, {"name": "language", "value": "cpython3"}, {"name": "package", "value": "tests.auth.test_auth"}]}